2016-03-29 18:30:16.247  INFO 1616 --- [main] de.adesso.referencer.search.Application  : Starting Application on DE-ADN-5SLGTY1 with PID 1616 (D:\!Leon\Java\ForBericht\MyProjects\search\target\classes started by odzhara-ongom in D:\!Leon\Java\ForBericht\MyProjects\search)
2016-03-29 18:30:16.282  INFO 1616 --- [main] ationConfigEmbeddedWebApplicationContext : Refreshing org.springframework.boot.context.embedded.AnnotationConfigEmbeddedWebApplicationContext@3c87521: startup date [Tue Mar 29 18:30:16 CEST 2016]; root of context hierarchy
2016-03-29 18:30:16.940  INFO 1616 --- [main] o.s.b.f.s.DefaultListableBeanFactory     : Overriding bean definition for bean 'beanNameViewResolver': replacing [Root bean: class [null]; scope=; abstract=false; lazyInit=false; autowireMode=3; dependencyCheck=0; autowireCandidate=true; primary=false; factoryBeanName=org.springframework.boot.autoconfigure.web.ErrorMvcAutoConfiguration$WhitelabelErrorViewConfiguration; factoryMethodName=beanNameViewResolver; initMethodName=null; destroyMethodName=(inferred); defined in class path resource [org/springframework/boot/autoconfigure/web/ErrorMvcAutoConfiguration$WhitelabelErrorViewConfiguration.class]] with [Root bean: class [null]; scope=; abstract=false; lazyInit=false; autowireMode=3; dependencyCheck=0; autowireCandidate=true; primary=false; factoryBeanName=org.springframework.boot.autoconfigure.web.WebMvcAutoConfiguration$WebMvcAutoConfigurationAdapter; factoryMethodName=beanNameViewResolver; initMethodName=null; destroyMethodName=(inferred); defined in class path resource [org/springframework/boot/autoconfigure/web/WebMvcAutoConfiguration$WebMvcAutoConfigurationAdapter.class]]
2016-03-29 18:30:17.913  INFO 1616 --- [main] s.b.c.e.t.TomcatEmbeddedServletContainer : Tomcat initialized with port(s): 9097 (http)
2016-03-29 18:30:18.082  INFO 1616 --- [main] o.apache.catalina.core.StandardService   : Starting service Tomcat
2016-03-29 18:30:18.083  INFO 1616 --- [main] org.apache.catalina.core.StandardEngine  : Starting Servlet Engine: Apache Tomcat/8.0.26
2016-03-29 18:30:18.224  INFO 1616 --- [localhost-startStop-1] o.a.c.c.C.[Tomcat].[localhost].[/]       : Initializing Spring embedded WebApplicationContext
2016-03-29 18:30:18.224  INFO 1616 --- [localhost-startStop-1] o.s.web.context.ContextLoader            : Root WebApplicationContext: initialization completed in 1944 ms
2016-03-29 18:30:18.698  INFO 1616 --- [localhost-startStop-1] o.s.b.c.e.ServletRegistrationBean        : Mapping servlet: 'dispatcherServlet' to [/]
2016-03-29 18:30:18.701  INFO 1616 --- [localhost-startStop-1] o.s.b.c.embedded.FilterRegistrationBean  : Mapping filter: 'characterEncodingFilter' to: [/*]
2016-03-29 18:30:18.702  INFO 1616 --- [localhost-startStop-1] o.s.b.c.embedded.FilterRegistrationBean  : Mapping filter: 'hiddenHttpMethodFilter' to: [/*]
2016-03-29 18:30:19.050  INFO 1616 --- [main] org.elasticsearch.plugins                : [Gigantus] loaded [], sites []
2016-03-29 18:30:19.557  INFO 1616 --- [main] o.s.d.e.c.TransportClientFactoryBean     : adding transport node : localhost:9300
2016-03-29 18:30:20.713 ERROR 1616 --- [main] .d.e.r.s.AbstractElasticsearchRepository : failed to load elasticsearch nodes : org.elasticsearch.client.transport.NoNodeAvailableException: None of the configured nodes are available: []
2016-03-29 18:30:20.750 ERROR 1616 --- [main] .d.e.r.s.AbstractElasticsearchRepository : failed to load elasticsearch nodes : org.elasticsearch.client.transport.NoNodeAvailableException: None of the configured nodes are available: []
2016-03-29 18:30:20.766 ERROR 1616 --- [main] .d.e.r.s.AbstractElasticsearchRepository : failed to load elasticsearch nodes : org.elasticsearch.client.transport.NoNodeAvailableException: None of the configured nodes are available: []
2016-03-29 18:30:20.776 ERROR 1616 --- [main] .d.e.r.s.AbstractElasticsearchRepository : failed to load elasticsearch nodes : org.elasticsearch.client.transport.NoNodeAvailableException: None of the configured nodes are available: []
2016-03-29 18:30:20.785 ERROR 1616 --- [main] .d.e.r.s.AbstractElasticsearchRepository : failed to load elasticsearch nodes : org.elasticsearch.client.transport.NoNodeAvailableException: None of the configured nodes are available: []
2016-03-29 18:30:20.795 ERROR 1616 --- [main] .d.e.r.s.AbstractElasticsearchRepository : failed to load elasticsearch nodes : org.elasticsearch.client.transport.NoNodeAvailableException: None of the configured nodes are available: []
2016-03-29 18:30:20.804 ERROR 1616 --- [main] .d.e.r.s.AbstractElasticsearchRepository : failed to load elasticsearch nodes : org.elasticsearch.client.transport.NoNodeAvailableException: None of the configured nodes are available: []
2016-03-29 18:30:20.813 ERROR 1616 --- [main] .d.e.r.s.AbstractElasticsearchRepository : failed to load elasticsearch nodes : org.elasticsearch.client.transport.NoNodeAvailableException: None of the configured nodes are available: []
2016-03-29 18:30:20.822 ERROR 1616 --- [main] .d.e.r.s.AbstractElasticsearchRepository : failed to load elasticsearch nodes : org.elasticsearch.client.transport.NoNodeAvailableException: None of the configured nodes are available: []
2016-03-29 18:30:20.831 ERROR 1616 --- [main] .d.e.r.s.AbstractElasticsearchRepository : failed to load elasticsearch nodes : org.elasticsearch.client.transport.NoNodeAvailableException: None of the configured nodes are available: []
2016-03-29 18:30:20.843 ERROR 1616 --- [main] .d.e.r.s.AbstractElasticsearchRepository : failed to load elasticsearch nodes : org.elasticsearch.client.transport.NoNodeAvailableException: None of the configured nodes are available: []
2016-03-29 18:30:20.870 ERROR 1616 --- [main] .d.e.r.s.AbstractElasticsearchRepository : failed to load elasticsearch nodes : org.elasticsearch.client.transport.NoNodeAvailableException: None of the configured nodes are available: []
2016-03-29 18:30:21.411  INFO 1616 --- [main] s.w.s.m.m.a.RequestMappingHandlerAdapter : Looking for @ControllerAdvice: org.springframework.boot.context.embedded.AnnotationConfigEmbeddedWebApplicationContext@3c87521: startup date [Tue Mar 29 18:30:16 CEST 2016]; root of context hierarchy
2016-03-29 18:30:21.459  WARN 1616 --- [main] ationConfigEmbeddedWebApplicationContext : Exception encountered during context initialization - cancelling refresh attempt

org.springframework.beans.factory.BeanCreationException: Error creating bean with name 'requestMappingHandlerMapping' defined in class path resource [org/springframework/boot/autoconfigure/web/WebMvcAutoConfiguration$EnableWebMvcConfiguration.class]: Invocation of init method failed; nested exception is java.lang.IllegalArgumentException: Could not resolve placeholder 'spring.application.name' in string value "/${spring.application.name}/api/suggest"
	at org.springframework.beans.factory.support.AbstractAutowireCapableBeanFactory.initializeBean(AbstractAutowireCapableBeanFactory.java:1574)
	at org.springframework.beans.factory.support.AbstractAutowireCapableBeanFactory.doCreateBean(AbstractAutowireCapableBeanFactory.java:539)
	at org.springframework.beans.factory.support.AbstractAutowireCapableBeanFactory.createBean(AbstractAutowireCapableBeanFactory.java:476)
	at org.springframework.beans.factory.support.AbstractBeanFactory$1.getObject(AbstractBeanFactory.java:303)
	at org.springframework.beans.factory.support.DefaultSingletonBeanRegistry.getSingleton(DefaultSingletonBeanRegistry.java:230)
	at org.springframework.beans.factory.support.AbstractBeanFactory.doGetBean(AbstractBeanFactory.java:299)
	at org.springframework.beans.factory.support.AbstractBeanFactory.getBean(AbstractBeanFactory.java:194)
	at org.springframework.beans.factory.support.DefaultListableBeanFactory.preInstantiateSingletons(DefaultListableBeanFactory.java:755)
	at org.springframework.context.support.AbstractApplicationContext.finishBeanFactoryInitialization(AbstractApplicationContext.java:757)
	at org.springframework.context.support.AbstractApplicationContext.refresh(AbstractApplicationContext.java:480)
	at org.springframework.boot.context.embedded.EmbeddedWebApplicationContext.refresh(EmbeddedWebApplicationContext.java:118)
	at org.springframework.boot.SpringApplication.refresh(SpringApplication.java:687)
	at org.springframework.boot.SpringApplication.run(SpringApplication.java:321)
	at org.springframework.boot.SpringApplication.run(SpringApplication.java:967)
	at org.springframework.boot.SpringApplication.run(SpringApplication.java:956)
	at de.adesso.referencer.search.Application.main(Application.java:13)
Caused by: java.lang.IllegalArgumentException: Could not resolve placeholder 'spring.application.name' in string value "/${spring.application.name}/api/suggest"
	at org.springframework.util.PropertyPlaceholderHelper.parseStringValue(PropertyPlaceholderHelper.java:174)
	at org.springframework.util.PropertyPlaceholderHelper.replacePlaceholders(PropertyPlaceholderHelper.java:126)
	at org.springframework.core.env.AbstractPropertyResolver.doResolvePlaceholders(AbstractPropertyResolver.java:204)
	at org.springframework.core.env.AbstractPropertyResolver.resolveRequiredPlaceholders(AbstractPropertyResolver.java:178)
	at org.springframework.context.support.PropertySourcesPlaceholderConfigurer$2.resolveStringValue(PropertySourcesPlaceholderConfigurer.java:175)
	at org.springframework.beans.factory.support.AbstractBeanFactory.resolveEmbeddedValue(AbstractBeanFactory.java:801)
	at org.springframework.context.support.ApplicationContextAwareProcessor$EmbeddedValueResolver.resolveStringValue(ApplicationContextAwareProcessor.java:140)
	at org.springframework.web.servlet.mvc.method.annotation.RequestMappingHandlerMapping.resolveEmbeddedValuesInPatterns(RequestMappingHandlerMapping.java:259)
	at org.springframework.web.servlet.mvc.method.annotation.RequestMappingHandlerMapping.createRequestMappingInfo(RequestMappingHandlerMapping.java:235)
	at org.springframework.web.servlet.mvc.method.annotation.RequestMappingHandlerMapping.getMappingForMethod(RequestMappingHandlerMapping.java:195)
	at org.springframework.web.servlet.mvc.method.annotation.RequestMappingHandlerMapping.getMappingForMethod(RequestMappingHandlerMapping.java:51)
	at org.springframework.web.servlet.handler.AbstractHandlerMethodMapping$1.matches(AbstractHandlerMethodMapping.java:172)
	at org.springframework.web.method.HandlerMethodSelector$1.doWith(HandlerMethodSelector.java:62)
	at org.springframework.util.ReflectionUtils.doWithMethods(ReflectionUtils.java:495)
	at org.springframework.web.method.HandlerMethodSelector.selectMethods(HandlerMethodSelector.java:57)
	at org.springframework.web.servlet.handler.AbstractHandlerMethodMapping.detectHandlerMethods(AbstractHandlerMethodMapping.java:169)
	at org.springframework.web.servlet.handler.AbstractHandlerMethodMapping.initHandlerMethods(AbstractHandlerMethodMapping.java:144)
	at org.springframework.web.servlet.handler.AbstractHandlerMethodMapping.afterPropertiesSet(AbstractHandlerMethodMapping.java:123)
	at org.springframework.web.servlet.mvc.method.annotation.RequestMappingHandlerMapping.afterPropertiesSet(RequestMappingHandlerMapping.java:126)
	at org.springframework.beans.factory.support.AbstractAutowireCapableBeanFactory.invokeInitMethods(AbstractAutowireCapableBeanFactory.java:1633)
	at org.springframework.beans.factory.support.AbstractAutowireCapableBeanFactory.initializeBean(AbstractAutowireCapableBeanFactory.java:1570)
	... 15 common frames omitted

2016-03-29 18:30:21.489  INFO 1616 --- [main] o.s.b.a.e.ElasticsearchAutoConfiguration : Closing Elasticsearch client
2016-03-29 18:30:21.491  INFO 1616 --- [main] o.apache.catalina.core.StandardService   : Stopping service Tomcat
2016-03-29 18:30:21.498  INFO 1616 --- [main] .b.l.ClasspathLoggingApplicationListener : Application failed to start with classpath: [file:/D:/!Leon/Java/ForBericht/MyProjects/search/target/classes/, file:/D:/Users/odzhara-ongom/.m2/repository/org/springframework/boot/spring-boot-starter-web/1.2.6.RELEASE/spring-boot-starter-web-1.2.6.RELEASE.jar, file:/D:/Users/odzhara-ongom/.m2/repository/org/springframework/boot/spring-boot-starter/1.2.6.RELEASE/spring-boot-starter-1.2.6.RELEASE.jar, file:/D:/Users/odzhara-ongom/.m2/repository/org/springframework/boot/spring-boot/1.2.6.RELEASE/spring-boot-1.2.6.RELEASE.jar, file:/D:/Users/odzhara-ongom/.m2/repository/org/springframework/boot/spring-boot-autoconfigure/1.2.6.RELEASE/spring-boot-autoconfigure-1.2.6.RELEASE.jar, file:/D:/Users/odzhara-ongom/.m2/repository/org/springframework/boot/spring-boot-starter-logging/1.2.6.RELEASE/spring-boot-starter-logging-1.2.6.RELEASE.jar, file:/D:/Users/odzhara-ongom/.m2/repository/org/slf4j/jul-to-slf4j/1.7.12/jul-to-slf4j-1.7.12.jar, file:/D:/Users/odzhara-ongom/.m2/repository/org/slf4j/log4j-over-slf4j/1.7.12/log4j-over-slf4j-1.7.12.jar, file:/D:/Users/odzhara-ongom/.m2/repository/ch/qos/logback/logback-classic/1.1.3/logback-classic-1.1.3.jar, file:/D:/Users/odzhara-ongom/.m2/repository/ch/qos/logback/logback-core/1.1.3/logback-core-1.1.3.jar, file:/D:/Users/odzhara-ongom/.m2/repository/org/yaml/snakeyaml/1.14/snakeyaml-1.14.jar, file:/D:/Users/odzhara-ongom/.m2/repository/org/springframework/boot/spring-boot-starter-tomcat/1.2.6.RELEASE/spring-boot-starter-tomcat-1.2.6.RELEASE.jar, file:/D:/Users/odzhara-ongom/.m2/repository/org/apache/tomcat/embed/tomcat-embed-core/8.0.26/tomcat-embed-core-8.0.26.jar, file:/D:/Users/odzhara-ongom/.m2/repository/org/apache/tomcat/embed/tomcat-embed-el/8.0.26/tomcat-embed-el-8.0.26.jar, file:/D:/Users/odzhara-ongom/.m2/repository/org/apache/tomcat/embed/tomcat-embed-logging-juli/8.0.26/tomcat-embed-logging-juli-8.0.26.jar, file:/D:/Users/odzhara-ongom/.m2/repository/org/apache/tomcat/embed/tomcat-embed-websocket/8.0.26/tomcat-embed-websocket-8.0.26.jar, file:/D:/Users/odzhara-ongom/.m2/repository/com/fasterxml/jackson/core/jackson-databind/2.4.6/jackson-databind-2.4.6.jar, file:/D:/Users/odzhara-ongom/.m2/repository/com/fasterxml/jackson/core/jackson-annotations/2.4.6/jackson-annotations-2.4.6.jar, file:/D:/Users/odzhara-ongom/.m2/repository/org/hibernate/hibernate-validator/5.1.3.Final/hibernate-validator-5.1.3.Final.jar, file:/D:/Users/odzhara-ongom/.m2/repository/javax/validation/validation-api/1.1.0.Final/validation-api-1.1.0.Final.jar, file:/D:/Users/odzhara-ongom/.m2/repository/org/jboss/logging/jboss-logging/3.1.3.GA/jboss-logging-3.1.3.GA.jar, file:/D:/Users/odzhara-ongom/.m2/repository/com/fasterxml/classmate/1.0.0/classmate-1.0.0.jar, file:/D:/Users/odzhara-ongom/.m2/repository/org/springframework/spring-core/4.1.7.RELEASE/spring-core-4.1.7.RELEASE.jar, file:/D:/Users/odzhara-ongom/.m2/repository/org/springframework/spring-web/4.1.7.RELEASE/spring-web-4.1.7.RELEASE.jar, file:/D:/Users/odzhara-ongom/.m2/repository/org/springframework/spring-aop/4.1.7.RELEASE/spring-aop-4.1.7.RELEASE.jar, file:/D:/Users/odzhara-ongom/.m2/repository/aopalliance/aopalliance/1.0/aopalliance-1.0.jar, file:/D:/Users/odzhara-ongom/.m2/repository/org/springframework/spring-beans/4.1.7.RELEASE/spring-beans-4.1.7.RELEASE.jar, file:/D:/Users/odzhara-ongom/.m2/repository/org/springframework/spring-webmvc/4.1.7.RELEASE/spring-webmvc-4.1.7.RELEASE.jar, file:/D:/Users/odzhara-ongom/.m2/repository/org/springframework/spring-expression/4.1.7.RELEASE/spring-expression-4.1.7.RELEASE.jar, file:/D:/Users/odzhara-ongom/.m2/repository/org/springframework/data/spring-data-elasticsearch/1.2.2.RELEASE/spring-data-elasticsearch-1.2.2.RELEASE.jar, file:/D:/Users/odzhara-ongom/.m2/repository/org/springframework/spring-context/4.1.7.RELEASE/spring-context-4.1.7.RELEASE.jar, file:/D:/Users/odzhara-ongom/.m2/repository/org/springframework/spring-tx/4.1.7.RELEASE/spring-tx-4.1.7.RELEASE.jar, file:/D:/Users/odzhara-ongom/.m2/repository/org/springframework/data/spring-data-commons/1.9.3.RELEASE/spring-data-commons-1.9.3.RELEASE.jar, file:/D:/Users/odzhara-ongom/.m2/repository/commons-lang/commons-lang/2.6/commons-lang-2.6.jar, file:/D:/Users/odzhara-ongom/.m2/repository/commons-collections/commons-collections/3.2.1/commons-collections-3.2.1.jar, file:/D:/Users/odzhara-ongom/.m2/repository/joda-time/joda-time/2.5/joda-time-2.5.jar, file:/D:/Users/odzhara-ongom/.m2/repository/org/elasticsearch/elasticsearch/1.4.4/elasticsearch-1.4.4.jar, file:/D:/Users/odzhara-ongom/.m2/repository/org/apache/lucene/lucene-core/4.10.3/lucene-core-4.10.3.jar, file:/D:/Users/odzhara-ongom/.m2/repository/org/apache/lucene/lucene-analyzers-common/4.10.3/lucene-analyzers-common-4.10.3.jar, file:/D:/Users/odzhara-ongom/.m2/repository/org/apache/lucene/lucene-queries/4.10.3/lucene-queries-4.10.3.jar, file:/D:/Users/odzhara-ongom/.m2/repository/org/apache/lucene/lucene-memory/4.10.3/lucene-memory-4.10.3.jar, file:/D:/Users/odzhara-ongom/.m2/repository/org/apache/lucene/lucene-highlighter/4.10.3/lucene-highlighter-4.10.3.jar, file:/D:/Users/odzhara-ongom/.m2/repository/org/apache/lucene/lucene-queryparser/4.10.3/lucene-queryparser-4.10.3.jar, file:/D:/Users/odzhara-ongom/.m2/repository/org/apache/lucene/lucene-sandbox/4.10.3/lucene-sandbox-4.10.3.jar, file:/D:/Users/odzhara-ongom/.m2/repository/org/apache/lucene/lucene-suggest/4.10.3/lucene-suggest-4.10.3.jar, file:/D:/Users/odzhara-ongom/.m2/repository/org/apache/lucene/lucene-misc/4.10.3/lucene-misc-4.10.3.jar, file:/D:/Users/odzhara-ongom/.m2/repository/org/apache/lucene/lucene-join/4.10.3/lucene-join-4.10.3.jar, file:/D:/Users/odzhara-ongom/.m2/repository/org/apache/lucene/lucene-grouping/4.10.3/lucene-grouping-4.10.3.jar, file:/D:/Users/odzhara-ongom/.m2/repository/org/apache/lucene/lucene-spatial/4.10.3/lucene-spatial-4.10.3.jar, file:/D:/Users/odzhara-ongom/.m2/repository/com/spatial4j/spatial4j/0.4.1/spatial4j-0.4.1.jar, file:/D:/Users/odzhara-ongom/.m2/repository/org/antlr/antlr-runtime/3.5/antlr-runtime-3.5.jar, file:/D:/Users/odzhara-ongom/.m2/repository/org/ow2/asm/asm/4.1/asm-4.1.jar, file:/D:/Users/odzhara-ongom/.m2/repository/org/ow2/asm/asm-commons/4.1/asm-commons-4.1.jar, file:/D:/Users/odzhara-ongom/.m2/repository/com/fasterxml/jackson/core/jackson-core/2.4.6/jackson-core-2.4.6.jar, file:/D:/Users/odzhara-ongom/.m2/repository/org/slf4j/slf4j-api/1.7.12/slf4j-api-1.7.12.jar, file:/D:/Users/odzhara-ongom/.m2/repository/org/slf4j/jcl-over-slf4j/1.7.12/jcl-over-slf4j-1.7.12.jar, file:/D:/Users/odzhara-ongom/.m2/repository/org/apache/httpcomponents/httpclient/4.5/httpclient-4.5.jar, file:/D:/Users/odzhara-ongom/.m2/repository/org/apache/httpcomponents/httpcore/4.4.1/httpcore-4.4.1.jar, file:/D:/Users/odzhara-ongom/.m2/repository/commons-codec/commons-codec/1.9/commons-codec-1.9.jar, file:/D:/Users/odzhara-ongom/.m2/repository/com/google/code/gson/gson/2.3.1/gson-2.3.1.jar, file:/D:/Users/odzhara-ongom/.m2/repository/org/json/json/20141113/json-20141113.jar]
2016-03-29 18:30:21.500  INFO 1616 --- [main] utoConfigurationReportLoggingInitializer : 

Error starting ApplicationContext. To display the auto-configuration report enable debug logging (start with --debug)


2016-03-29 18:30:21.501 ERROR 1616 --- [main] o.s.boot.SpringApplication               : Application startup failed

org.springframework.beans.factory.BeanCreationException: Error creating bean with name 'requestMappingHandlerMapping' defined in class path resource [org/springframework/boot/autoconfigure/web/WebMvcAutoConfiguration$EnableWebMvcConfiguration.class]: Invocation of init method failed; nested exception is java.lang.IllegalArgumentException: Could not resolve placeholder 'spring.application.name' in string value "/${spring.application.name}/api/suggest"
	at org.springframework.beans.factory.support.AbstractAutowireCapableBeanFactory.initializeBean(AbstractAutowireCapableBeanFactory.java:1574)
	at org.springframework.beans.factory.support.AbstractAutowireCapableBeanFactory.doCreateBean(AbstractAutowireCapableBeanFactory.java:539)
	at org.springframework.beans.factory.support.AbstractAutowireCapableBeanFactory.createBean(AbstractAutowireCapableBeanFactory.java:476)
	at org.springframework.beans.factory.support.AbstractBeanFactory$1.getObject(AbstractBeanFactory.java:303)
	at org.springframework.beans.factory.support.DefaultSingletonBeanRegistry.getSingleton(DefaultSingletonBeanRegistry.java:230)
	at org.springframework.beans.factory.support.AbstractBeanFactory.doGetBean(AbstractBeanFactory.java:299)
	at org.springframework.beans.factory.support.AbstractBeanFactory.getBean(AbstractBeanFactory.java:194)
	at org.springframework.beans.factory.support.DefaultListableBeanFactory.preInstantiateSingletons(DefaultListableBeanFactory.java:755)
	at org.springframework.context.support.AbstractApplicationContext.finishBeanFactoryInitialization(AbstractApplicationContext.java:757)
	at org.springframework.context.support.AbstractApplicationContext.refresh(AbstractApplicationContext.java:480)
	at org.springframework.boot.context.embedded.EmbeddedWebApplicationContext.refresh(EmbeddedWebApplicationContext.java:118)
	at org.springframework.boot.SpringApplication.refresh(SpringApplication.java:687)
	at org.springframework.boot.SpringApplication.run(SpringApplication.java:321)
	at org.springframework.boot.SpringApplication.run(SpringApplication.java:967)
	at org.springframework.boot.SpringApplication.run(SpringApplication.java:956)
	at de.adesso.referencer.search.Application.main(Application.java:13)
Caused by: java.lang.IllegalArgumentException: Could not resolve placeholder 'spring.application.name' in string value "/${spring.application.name}/api/suggest"
	at org.springframework.util.PropertyPlaceholderHelper.parseStringValue(PropertyPlaceholderHelper.java:174)
	at org.springframework.util.PropertyPlaceholderHelper.replacePlaceholders(PropertyPlaceholderHelper.java:126)
	at org.springframework.core.env.AbstractPropertyResolver.doResolvePlaceholders(AbstractPropertyResolver.java:204)
	at org.springframework.core.env.AbstractPropertyResolver.resolveRequiredPlaceholders(AbstractPropertyResolver.java:178)
	at org.springframework.context.support.PropertySourcesPlaceholderConfigurer$2.resolveStringValue(PropertySourcesPlaceholderConfigurer.java:175)
	at org.springframework.beans.factory.support.AbstractBeanFactory.resolveEmbeddedValue(AbstractBeanFactory.java:801)
	at org.springframework.context.support.ApplicationContextAwareProcessor$EmbeddedValueResolver.resolveStringValue(ApplicationContextAwareProcessor.java:140)
	at org.springframework.web.servlet.mvc.method.annotation.RequestMappingHandlerMapping.resolveEmbeddedValuesInPatterns(RequestMappingHandlerMapping.java:259)
	at org.springframework.web.servlet.mvc.method.annotation.RequestMappingHandlerMapping.createRequestMappingInfo(RequestMappingHandlerMapping.java:235)
	at org.springframework.web.servlet.mvc.method.annotation.RequestMappingHandlerMapping.getMappingForMethod(RequestMappingHandlerMapping.java:195)
	at org.springframework.web.servlet.mvc.method.annotation.RequestMappingHandlerMapping.getMappingForMethod(RequestMappingHandlerMapping.java:51)
	at org.springframework.web.servlet.handler.AbstractHandlerMethodMapping$1.matches(AbstractHandlerMethodMapping.java:172)
	at org.springframework.web.method.HandlerMethodSelector$1.doWith(HandlerMethodSelector.java:62)
	at org.springframework.util.ReflectionUtils.doWithMethods(ReflectionUtils.java:495)
	at org.springframework.web.method.HandlerMethodSelector.selectMethods(HandlerMethodSelector.java:57)
	at org.springframework.web.servlet.handler.AbstractHandlerMethodMapping.detectHandlerMethods(AbstractHandlerMethodMapping.java:169)
	at org.springframework.web.servlet.handler.AbstractHandlerMethodMapping.initHandlerMethods(AbstractHandlerMethodMapping.java:144)
	at org.springframework.web.servlet.handler.AbstractHandlerMethodMapping.afterPropertiesSet(AbstractHandlerMethodMapping.java:123)
	at org.springframework.web.servlet.mvc.method.annotation.RequestMappingHandlerMapping.afterPropertiesSet(RequestMappingHandlerMapping.java:126)
	at org.springframework.beans.factory.support.AbstractAutowireCapableBeanFactory.invokeInitMethods(AbstractAutowireCapableBeanFactory.java:1633)
	at org.springframework.beans.factory.support.AbstractAutowireCapableBeanFactory.initializeBean(AbstractAutowireCapableBeanFactory.java:1570)
	... 15 common frames omitted

2016-03-29 18:36:20.411  INFO 5124 --- [main] de.adesso.referencer.search.Application  : Starting Application on DE-ADN-5SLGTY1 with PID 5124 (D:\!Leon\Java\ForBericht\MyProjects\search\target\classes started by odzhara-ongom in D:\!Leon\Java\ForBericht\MyProjects\search)
2016-03-29 18:36:20.444  INFO 5124 --- [main] ationConfigEmbeddedWebApplicationContext : Refreshing org.springframework.boot.context.embedded.AnnotationConfigEmbeddedWebApplicationContext@3c87521: startup date [Tue Mar 29 18:36:20 CEST 2016]; root of context hierarchy
2016-03-29 18:36:21.106  INFO 5124 --- [main] o.s.b.f.s.DefaultListableBeanFactory     : Overriding bean definition for bean 'beanNameViewResolver': replacing [Root bean: class [null]; scope=; abstract=false; lazyInit=false; autowireMode=3; dependencyCheck=0; autowireCandidate=true; primary=false; factoryBeanName=org.springframework.boot.autoconfigure.web.ErrorMvcAutoConfiguration$WhitelabelErrorViewConfiguration; factoryMethodName=beanNameViewResolver; initMethodName=null; destroyMethodName=(inferred); defined in class path resource [org/springframework/boot/autoconfigure/web/ErrorMvcAutoConfiguration$WhitelabelErrorViewConfiguration.class]] with [Root bean: class [null]; scope=; abstract=false; lazyInit=false; autowireMode=3; dependencyCheck=0; autowireCandidate=true; primary=false; factoryBeanName=org.springframework.boot.autoconfigure.web.WebMvcAutoConfiguration$WebMvcAutoConfigurationAdapter; factoryMethodName=beanNameViewResolver; initMethodName=null; destroyMethodName=(inferred); defined in class path resource [org/springframework/boot/autoconfigure/web/WebMvcAutoConfiguration$WebMvcAutoConfigurationAdapter.class]]
2016-03-29 18:36:22.063  INFO 5124 --- [main] s.b.c.e.t.TomcatEmbeddedServletContainer : Tomcat initialized with port(s): 9097 (http)
2016-03-29 18:36:22.230  INFO 5124 --- [main] o.apache.catalina.core.StandardService   : Starting service Tomcat
2016-03-29 18:36:22.231  INFO 5124 --- [main] org.apache.catalina.core.StandardEngine  : Starting Servlet Engine: Apache Tomcat/8.0.26
2016-03-29 18:36:22.372  INFO 5124 --- [localhost-startStop-1] o.a.c.c.C.[Tomcat].[localhost].[/]       : Initializing Spring embedded WebApplicationContext
2016-03-29 18:36:22.372  INFO 5124 --- [localhost-startStop-1] o.s.web.context.ContextLoader            : Root WebApplicationContext: initialization completed in 1930 ms
2016-03-29 18:36:22.844  INFO 5124 --- [localhost-startStop-1] o.s.b.c.e.ServletRegistrationBean        : Mapping servlet: 'dispatcherServlet' to [/]
2016-03-29 18:36:22.847  INFO 5124 --- [localhost-startStop-1] o.s.b.c.embedded.FilterRegistrationBean  : Mapping filter: 'characterEncodingFilter' to: [/*]
2016-03-29 18:36:22.848  INFO 5124 --- [localhost-startStop-1] o.s.b.c.embedded.FilterRegistrationBean  : Mapping filter: 'hiddenHttpMethodFilter' to: [/*]
2016-03-29 18:36:23.199  INFO 5124 --- [main] org.elasticsearch.plugins                : [John Walker] loaded [], sites []
2016-03-29 18:36:23.707  INFO 5124 --- [main] o.s.d.e.c.TransportClientFactoryBean     : adding transport node : localhost:9300
2016-03-29 18:36:24.853 ERROR 5124 --- [main] .d.e.r.s.AbstractElasticsearchRepository : failed to load elasticsearch nodes : org.elasticsearch.client.transport.NoNodeAvailableException: None of the configured nodes are available: []
2016-03-29 18:36:24.888 ERROR 5124 --- [main] .d.e.r.s.AbstractElasticsearchRepository : failed to load elasticsearch nodes : org.elasticsearch.client.transport.NoNodeAvailableException: None of the configured nodes are available: []
2016-03-29 18:36:24.899 ERROR 5124 --- [main] .d.e.r.s.AbstractElasticsearchRepository : failed to load elasticsearch nodes : org.elasticsearch.client.transport.NoNodeAvailableException: None of the configured nodes are available: []
2016-03-29 18:36:24.909 ERROR 5124 --- [main] .d.e.r.s.AbstractElasticsearchRepository : failed to load elasticsearch nodes : org.elasticsearch.client.transport.NoNodeAvailableException: None of the configured nodes are available: []
2016-03-29 18:36:24.919 ERROR 5124 --- [main] .d.e.r.s.AbstractElasticsearchRepository : failed to load elasticsearch nodes : org.elasticsearch.client.transport.NoNodeAvailableException: None of the configured nodes are available: []
2016-03-29 18:36:24.929 ERROR 5124 --- [main] .d.e.r.s.AbstractElasticsearchRepository : failed to load elasticsearch nodes : org.elasticsearch.client.transport.NoNodeAvailableException: None of the configured nodes are available: []
2016-03-29 18:36:24.939 ERROR 5124 --- [main] .d.e.r.s.AbstractElasticsearchRepository : failed to load elasticsearch nodes : org.elasticsearch.client.transport.NoNodeAvailableException: None of the configured nodes are available: []
2016-03-29 18:36:24.952 ERROR 5124 --- [main] .d.e.r.s.AbstractElasticsearchRepository : failed to load elasticsearch nodes : org.elasticsearch.client.transport.NoNodeAvailableException: None of the configured nodes are available: []
2016-03-29 18:36:24.961 ERROR 5124 --- [main] .d.e.r.s.AbstractElasticsearchRepository : failed to load elasticsearch nodes : org.elasticsearch.client.transport.NoNodeAvailableException: None of the configured nodes are available: []
2016-03-29 18:36:24.976 ERROR 5124 --- [main] .d.e.r.s.AbstractElasticsearchRepository : failed to load elasticsearch nodes : org.elasticsearch.client.transport.NoNodeAvailableException: None of the configured nodes are available: []
2016-03-29 18:36:24.988 ERROR 5124 --- [main] .d.e.r.s.AbstractElasticsearchRepository : failed to load elasticsearch nodes : org.elasticsearch.client.transport.NoNodeAvailableException: None of the configured nodes are available: []
2016-03-29 18:36:25.011 ERROR 5124 --- [main] .d.e.r.s.AbstractElasticsearchRepository : failed to load elasticsearch nodes : org.elasticsearch.client.transport.NoNodeAvailableException: None of the configured nodes are available: []
2016-03-29 18:36:25.485  INFO 5124 --- [main] s.w.s.m.m.a.RequestMappingHandlerAdapter : Looking for @ControllerAdvice: org.springframework.boot.context.embedded.AnnotationConfigEmbeddedWebApplicationContext@3c87521: startup date [Tue Mar 29 18:36:20 CEST 2016]; root of context hierarchy
2016-03-29 18:36:25.531  WARN 5124 --- [main] ationConfigEmbeddedWebApplicationContext : Exception encountered during context initialization - cancelling refresh attempt

org.springframework.beans.factory.BeanCreationException: Error creating bean with name 'requestMappingHandlerMapping' defined in class path resource [org/springframework/boot/autoconfigure/web/WebMvcAutoConfiguration$EnableWebMvcConfiguration.class]: Invocation of init method failed; nested exception is java.lang.IllegalArgumentException: Could not resolve placeholder 'spring.application.name' in string value "/${spring.application.name}/api/suggest"
	at org.springframework.beans.factory.support.AbstractAutowireCapableBeanFactory.initializeBean(AbstractAutowireCapableBeanFactory.java:1574)
	at org.springframework.beans.factory.support.AbstractAutowireCapableBeanFactory.doCreateBean(AbstractAutowireCapableBeanFactory.java:539)
	at org.springframework.beans.factory.support.AbstractAutowireCapableBeanFactory.createBean(AbstractAutowireCapableBeanFactory.java:476)
	at org.springframework.beans.factory.support.AbstractBeanFactory$1.getObject(AbstractBeanFactory.java:303)
	at org.springframework.beans.factory.support.DefaultSingletonBeanRegistry.getSingleton(DefaultSingletonBeanRegistry.java:230)
	at org.springframework.beans.factory.support.AbstractBeanFactory.doGetBean(AbstractBeanFactory.java:299)
	at org.springframework.beans.factory.support.AbstractBeanFactory.getBean(AbstractBeanFactory.java:194)
	at org.springframework.beans.factory.support.DefaultListableBeanFactory.preInstantiateSingletons(DefaultListableBeanFactory.java:755)
	at org.springframework.context.support.AbstractApplicationContext.finishBeanFactoryInitialization(AbstractApplicationContext.java:757)
	at org.springframework.context.support.AbstractApplicationContext.refresh(AbstractApplicationContext.java:480)
	at org.springframework.boot.context.embedded.EmbeddedWebApplicationContext.refresh(EmbeddedWebApplicationContext.java:118)
	at org.springframework.boot.SpringApplication.refresh(SpringApplication.java:687)
	at org.springframework.boot.SpringApplication.run(SpringApplication.java:321)
	at org.springframework.boot.SpringApplication.run(SpringApplication.java:967)
	at org.springframework.boot.SpringApplication.run(SpringApplication.java:956)
	at de.adesso.referencer.search.Application.main(Application.java:13)
Caused by: java.lang.IllegalArgumentException: Could not resolve placeholder 'spring.application.name' in string value "/${spring.application.name}/api/suggest"
	at org.springframework.util.PropertyPlaceholderHelper.parseStringValue(PropertyPlaceholderHelper.java:174)
	at org.springframework.util.PropertyPlaceholderHelper.replacePlaceholders(PropertyPlaceholderHelper.java:126)
	at org.springframework.core.env.AbstractPropertyResolver.doResolvePlaceholders(AbstractPropertyResolver.java:204)
	at org.springframework.core.env.AbstractPropertyResolver.resolveRequiredPlaceholders(AbstractPropertyResolver.java:178)
	at org.springframework.context.support.PropertySourcesPlaceholderConfigurer$2.resolveStringValue(PropertySourcesPlaceholderConfigurer.java:175)
	at org.springframework.beans.factory.support.AbstractBeanFactory.resolveEmbeddedValue(AbstractBeanFactory.java:801)
	at org.springframework.context.support.ApplicationContextAwareProcessor$EmbeddedValueResolver.resolveStringValue(ApplicationContextAwareProcessor.java:140)
	at org.springframework.web.servlet.mvc.method.annotation.RequestMappingHandlerMapping.resolveEmbeddedValuesInPatterns(RequestMappingHandlerMapping.java:259)
	at org.springframework.web.servlet.mvc.method.annotation.RequestMappingHandlerMapping.createRequestMappingInfo(RequestMappingHandlerMapping.java:235)
	at org.springframework.web.servlet.mvc.method.annotation.RequestMappingHandlerMapping.getMappingForMethod(RequestMappingHandlerMapping.java:195)
	at org.springframework.web.servlet.mvc.method.annotation.RequestMappingHandlerMapping.getMappingForMethod(RequestMappingHandlerMapping.java:51)
	at org.springframework.web.servlet.handler.AbstractHandlerMethodMapping$1.matches(AbstractHandlerMethodMapping.java:172)
	at org.springframework.web.method.HandlerMethodSelector$1.doWith(HandlerMethodSelector.java:62)
	at org.springframework.util.ReflectionUtils.doWithMethods(ReflectionUtils.java:495)
	at org.springframework.web.method.HandlerMethodSelector.selectMethods(HandlerMethodSelector.java:57)
	at org.springframework.web.servlet.handler.AbstractHandlerMethodMapping.detectHandlerMethods(AbstractHandlerMethodMapping.java:169)
	at org.springframework.web.servlet.handler.AbstractHandlerMethodMapping.initHandlerMethods(AbstractHandlerMethodMapping.java:144)
	at org.springframework.web.servlet.handler.AbstractHandlerMethodMapping.afterPropertiesSet(AbstractHandlerMethodMapping.java:123)
	at org.springframework.web.servlet.mvc.method.annotation.RequestMappingHandlerMapping.afterPropertiesSet(RequestMappingHandlerMapping.java:126)
	at org.springframework.beans.factory.support.AbstractAutowireCapableBeanFactory.invokeInitMethods(AbstractAutowireCapableBeanFactory.java:1633)
	at org.springframework.beans.factory.support.AbstractAutowireCapableBeanFactory.initializeBean(AbstractAutowireCapableBeanFactory.java:1570)
	... 15 common frames omitted

2016-03-29 18:36:25.552  INFO 5124 --- [main] o.s.b.a.e.ElasticsearchAutoConfiguration : Closing Elasticsearch client
2016-03-29 18:36:25.553  INFO 5124 --- [main] o.apache.catalina.core.StandardService   : Stopping service Tomcat
2016-03-29 18:36:25.560  INFO 5124 --- [main] .b.l.ClasspathLoggingApplicationListener : Application failed to start with classpath: [file:/D:/!Leon/Java/ForBericht/MyProjects/search/target/classes/, file:/D:/Users/odzhara-ongom/.m2/repository/org/springframework/boot/spring-boot-starter-web/1.2.6.RELEASE/spring-boot-starter-web-1.2.6.RELEASE.jar, file:/D:/Users/odzhara-ongom/.m2/repository/org/springframework/boot/spring-boot-starter/1.2.6.RELEASE/spring-boot-starter-1.2.6.RELEASE.jar, file:/D:/Users/odzhara-ongom/.m2/repository/org/springframework/boot/spring-boot/1.2.6.RELEASE/spring-boot-1.2.6.RELEASE.jar, file:/D:/Users/odzhara-ongom/.m2/repository/org/springframework/boot/spring-boot-autoconfigure/1.2.6.RELEASE/spring-boot-autoconfigure-1.2.6.RELEASE.jar, file:/D:/Users/odzhara-ongom/.m2/repository/org/springframework/boot/spring-boot-starter-logging/1.2.6.RELEASE/spring-boot-starter-logging-1.2.6.RELEASE.jar, file:/D:/Users/odzhara-ongom/.m2/repository/org/slf4j/jul-to-slf4j/1.7.12/jul-to-slf4j-1.7.12.jar, file:/D:/Users/odzhara-ongom/.m2/repository/org/slf4j/log4j-over-slf4j/1.7.12/log4j-over-slf4j-1.7.12.jar, file:/D:/Users/odzhara-ongom/.m2/repository/ch/qos/logback/logback-classic/1.1.3/logback-classic-1.1.3.jar, file:/D:/Users/odzhara-ongom/.m2/repository/ch/qos/logback/logback-core/1.1.3/logback-core-1.1.3.jar, file:/D:/Users/odzhara-ongom/.m2/repository/org/yaml/snakeyaml/1.14/snakeyaml-1.14.jar, file:/D:/Users/odzhara-ongom/.m2/repository/org/springframework/boot/spring-boot-starter-tomcat/1.2.6.RELEASE/spring-boot-starter-tomcat-1.2.6.RELEASE.jar, file:/D:/Users/odzhara-ongom/.m2/repository/org/apache/tomcat/embed/tomcat-embed-core/8.0.26/tomcat-embed-core-8.0.26.jar, file:/D:/Users/odzhara-ongom/.m2/repository/org/apache/tomcat/embed/tomcat-embed-el/8.0.26/tomcat-embed-el-8.0.26.jar, file:/D:/Users/odzhara-ongom/.m2/repository/org/apache/tomcat/embed/tomcat-embed-logging-juli/8.0.26/tomcat-embed-logging-juli-8.0.26.jar, file:/D:/Users/odzhara-ongom/.m2/repository/org/apache/tomcat/embed/tomcat-embed-websocket/8.0.26/tomcat-embed-websocket-8.0.26.jar, file:/D:/Users/odzhara-ongom/.m2/repository/com/fasterxml/jackson/core/jackson-databind/2.4.6/jackson-databind-2.4.6.jar, file:/D:/Users/odzhara-ongom/.m2/repository/com/fasterxml/jackson/core/jackson-annotations/2.4.6/jackson-annotations-2.4.6.jar, file:/D:/Users/odzhara-ongom/.m2/repository/org/hibernate/hibernate-validator/5.1.3.Final/hibernate-validator-5.1.3.Final.jar, file:/D:/Users/odzhara-ongom/.m2/repository/javax/validation/validation-api/1.1.0.Final/validation-api-1.1.0.Final.jar, file:/D:/Users/odzhara-ongom/.m2/repository/org/jboss/logging/jboss-logging/3.1.3.GA/jboss-logging-3.1.3.GA.jar, file:/D:/Users/odzhara-ongom/.m2/repository/com/fasterxml/classmate/1.0.0/classmate-1.0.0.jar, file:/D:/Users/odzhara-ongom/.m2/repository/org/springframework/spring-core/4.1.7.RELEASE/spring-core-4.1.7.RELEASE.jar, file:/D:/Users/odzhara-ongom/.m2/repository/org/springframework/spring-web/4.1.7.RELEASE/spring-web-4.1.7.RELEASE.jar, file:/D:/Users/odzhara-ongom/.m2/repository/org/springframework/spring-aop/4.1.7.RELEASE/spring-aop-4.1.7.RELEASE.jar, file:/D:/Users/odzhara-ongom/.m2/repository/aopalliance/aopalliance/1.0/aopalliance-1.0.jar, file:/D:/Users/odzhara-ongom/.m2/repository/org/springframework/spring-beans/4.1.7.RELEASE/spring-beans-4.1.7.RELEASE.jar, file:/D:/Users/odzhara-ongom/.m2/repository/org/springframework/spring-webmvc/4.1.7.RELEASE/spring-webmvc-4.1.7.RELEASE.jar, file:/D:/Users/odzhara-ongom/.m2/repository/org/springframework/spring-expression/4.1.7.RELEASE/spring-expression-4.1.7.RELEASE.jar, file:/D:/Users/odzhara-ongom/.m2/repository/org/springframework/data/spring-data-elasticsearch/1.2.2.RELEASE/spring-data-elasticsearch-1.2.2.RELEASE.jar, file:/D:/Users/odzhara-ongom/.m2/repository/org/springframework/spring-context/4.1.7.RELEASE/spring-context-4.1.7.RELEASE.jar, file:/D:/Users/odzhara-ongom/.m2/repository/org/springframework/spring-tx/4.1.7.RELEASE/spring-tx-4.1.7.RELEASE.jar, file:/D:/Users/odzhara-ongom/.m2/repository/org/springframework/data/spring-data-commons/1.9.3.RELEASE/spring-data-commons-1.9.3.RELEASE.jar, file:/D:/Users/odzhara-ongom/.m2/repository/commons-lang/commons-lang/2.6/commons-lang-2.6.jar, file:/D:/Users/odzhara-ongom/.m2/repository/commons-collections/commons-collections/3.2.1/commons-collections-3.2.1.jar, file:/D:/Users/odzhara-ongom/.m2/repository/joda-time/joda-time/2.5/joda-time-2.5.jar, file:/D:/Users/odzhara-ongom/.m2/repository/org/elasticsearch/elasticsearch/1.4.4/elasticsearch-1.4.4.jar, file:/D:/Users/odzhara-ongom/.m2/repository/org/apache/lucene/lucene-core/4.10.3/lucene-core-4.10.3.jar, file:/D:/Users/odzhara-ongom/.m2/repository/org/apache/lucene/lucene-analyzers-common/4.10.3/lucene-analyzers-common-4.10.3.jar, file:/D:/Users/odzhara-ongom/.m2/repository/org/apache/lucene/lucene-queries/4.10.3/lucene-queries-4.10.3.jar, file:/D:/Users/odzhara-ongom/.m2/repository/org/apache/lucene/lucene-memory/4.10.3/lucene-memory-4.10.3.jar, file:/D:/Users/odzhara-ongom/.m2/repository/org/apache/lucene/lucene-highlighter/4.10.3/lucene-highlighter-4.10.3.jar, file:/D:/Users/odzhara-ongom/.m2/repository/org/apache/lucene/lucene-queryparser/4.10.3/lucene-queryparser-4.10.3.jar, file:/D:/Users/odzhara-ongom/.m2/repository/org/apache/lucene/lucene-sandbox/4.10.3/lucene-sandbox-4.10.3.jar, file:/D:/Users/odzhara-ongom/.m2/repository/org/apache/lucene/lucene-suggest/4.10.3/lucene-suggest-4.10.3.jar, file:/D:/Users/odzhara-ongom/.m2/repository/org/apache/lucene/lucene-misc/4.10.3/lucene-misc-4.10.3.jar, file:/D:/Users/odzhara-ongom/.m2/repository/org/apache/lucene/lucene-join/4.10.3/lucene-join-4.10.3.jar, file:/D:/Users/odzhara-ongom/.m2/repository/org/apache/lucene/lucene-grouping/4.10.3/lucene-grouping-4.10.3.jar, file:/D:/Users/odzhara-ongom/.m2/repository/org/apache/lucene/lucene-spatial/4.10.3/lucene-spatial-4.10.3.jar, file:/D:/Users/odzhara-ongom/.m2/repository/com/spatial4j/spatial4j/0.4.1/spatial4j-0.4.1.jar, file:/D:/Users/odzhara-ongom/.m2/repository/org/antlr/antlr-runtime/3.5/antlr-runtime-3.5.jar, file:/D:/Users/odzhara-ongom/.m2/repository/org/ow2/asm/asm/4.1/asm-4.1.jar, file:/D:/Users/odzhara-ongom/.m2/repository/org/ow2/asm/asm-commons/4.1/asm-commons-4.1.jar, file:/D:/Users/odzhara-ongom/.m2/repository/com/fasterxml/jackson/core/jackson-core/2.4.6/jackson-core-2.4.6.jar, file:/D:/Users/odzhara-ongom/.m2/repository/org/slf4j/slf4j-api/1.7.12/slf4j-api-1.7.12.jar, file:/D:/Users/odzhara-ongom/.m2/repository/org/slf4j/jcl-over-slf4j/1.7.12/jcl-over-slf4j-1.7.12.jar, file:/D:/Users/odzhara-ongom/.m2/repository/org/apache/httpcomponents/httpclient/4.5/httpclient-4.5.jar, file:/D:/Users/odzhara-ongom/.m2/repository/org/apache/httpcomponents/httpcore/4.4.1/httpcore-4.4.1.jar, file:/D:/Users/odzhara-ongom/.m2/repository/commons-codec/commons-codec/1.9/commons-codec-1.9.jar, file:/D:/Users/odzhara-ongom/.m2/repository/com/google/code/gson/gson/2.3.1/gson-2.3.1.jar, file:/D:/Users/odzhara-ongom/.m2/repository/org/json/json/20141113/json-20141113.jar]
2016-03-29 18:36:25.562  INFO 5124 --- [main] utoConfigurationReportLoggingInitializer : 

Error starting ApplicationContext. To display the auto-configuration report enable debug logging (start with --debug)


2016-03-29 18:36:25.562 ERROR 5124 --- [main] o.s.boot.SpringApplication               : Application startup failed

org.springframework.beans.factory.BeanCreationException: Error creating bean with name 'requestMappingHandlerMapping' defined in class path resource [org/springframework/boot/autoconfigure/web/WebMvcAutoConfiguration$EnableWebMvcConfiguration.class]: Invocation of init method failed; nested exception is java.lang.IllegalArgumentException: Could not resolve placeholder 'spring.application.name' in string value "/${spring.application.name}/api/suggest"
	at org.springframework.beans.factory.support.AbstractAutowireCapableBeanFactory.initializeBean(AbstractAutowireCapableBeanFactory.java:1574)
	at org.springframework.beans.factory.support.AbstractAutowireCapableBeanFactory.doCreateBean(AbstractAutowireCapableBeanFactory.java:539)
	at org.springframework.beans.factory.support.AbstractAutowireCapableBeanFactory.createBean(AbstractAutowireCapableBeanFactory.java:476)
	at org.springframework.beans.factory.support.AbstractBeanFactory$1.getObject(AbstractBeanFactory.java:303)
	at org.springframework.beans.factory.support.DefaultSingletonBeanRegistry.getSingleton(DefaultSingletonBeanRegistry.java:230)
	at org.springframework.beans.factory.support.AbstractBeanFactory.doGetBean(AbstractBeanFactory.java:299)
	at org.springframework.beans.factory.support.AbstractBeanFactory.getBean(AbstractBeanFactory.java:194)
	at org.springframework.beans.factory.support.DefaultListableBeanFactory.preInstantiateSingletons(DefaultListableBeanFactory.java:755)
	at org.springframework.context.support.AbstractApplicationContext.finishBeanFactoryInitialization(AbstractApplicationContext.java:757)
	at org.springframework.context.support.AbstractApplicationContext.refresh(AbstractApplicationContext.java:480)
	at org.springframework.boot.context.embedded.EmbeddedWebApplicationContext.refresh(EmbeddedWebApplicationContext.java:118)
	at org.springframework.boot.SpringApplication.refresh(SpringApplication.java:687)
	at org.springframework.boot.SpringApplication.run(SpringApplication.java:321)
	at org.springframework.boot.SpringApplication.run(SpringApplication.java:967)
	at org.springframework.boot.SpringApplication.run(SpringApplication.java:956)
	at de.adesso.referencer.search.Application.main(Application.java:13)
Caused by: java.lang.IllegalArgumentException: Could not resolve placeholder 'spring.application.name' in string value "/${spring.application.name}/api/suggest"
	at org.springframework.util.PropertyPlaceholderHelper.parseStringValue(PropertyPlaceholderHelper.java:174)
	at org.springframework.util.PropertyPlaceholderHelper.replacePlaceholders(PropertyPlaceholderHelper.java:126)
	at org.springframework.core.env.AbstractPropertyResolver.doResolvePlaceholders(AbstractPropertyResolver.java:204)
	at org.springframework.core.env.AbstractPropertyResolver.resolveRequiredPlaceholders(AbstractPropertyResolver.java:178)
	at org.springframework.context.support.PropertySourcesPlaceholderConfigurer$2.resolveStringValue(PropertySourcesPlaceholderConfigurer.java:175)
	at org.springframework.beans.factory.support.AbstractBeanFactory.resolveEmbeddedValue(AbstractBeanFactory.java:801)
	at org.springframework.context.support.ApplicationContextAwareProcessor$EmbeddedValueResolver.resolveStringValue(ApplicationContextAwareProcessor.java:140)
	at org.springframework.web.servlet.mvc.method.annotation.RequestMappingHandlerMapping.resolveEmbeddedValuesInPatterns(RequestMappingHandlerMapping.java:259)
	at org.springframework.web.servlet.mvc.method.annotation.RequestMappingHandlerMapping.createRequestMappingInfo(RequestMappingHandlerMapping.java:235)
	at org.springframework.web.servlet.mvc.method.annotation.RequestMappingHandlerMapping.getMappingForMethod(RequestMappingHandlerMapping.java:195)
	at org.springframework.web.servlet.mvc.method.annotation.RequestMappingHandlerMapping.getMappingForMethod(RequestMappingHandlerMapping.java:51)
	at org.springframework.web.servlet.handler.AbstractHandlerMethodMapping$1.matches(AbstractHandlerMethodMapping.java:172)
	at org.springframework.web.method.HandlerMethodSelector$1.doWith(HandlerMethodSelector.java:62)
	at org.springframework.util.ReflectionUtils.doWithMethods(ReflectionUtils.java:495)
	at org.springframework.web.method.HandlerMethodSelector.selectMethods(HandlerMethodSelector.java:57)
	at org.springframework.web.servlet.handler.AbstractHandlerMethodMapping.detectHandlerMethods(AbstractHandlerMethodMapping.java:169)
	at org.springframework.web.servlet.handler.AbstractHandlerMethodMapping.initHandlerMethods(AbstractHandlerMethodMapping.java:144)
	at org.springframework.web.servlet.handler.AbstractHandlerMethodMapping.afterPropertiesSet(AbstractHandlerMethodMapping.java:123)
	at org.springframework.web.servlet.mvc.method.annotation.RequestMappingHandlerMapping.afterPropertiesSet(RequestMappingHandlerMapping.java:126)
	at org.springframework.beans.factory.support.AbstractAutowireCapableBeanFactory.invokeInitMethods(AbstractAutowireCapableBeanFactory.java:1633)
	at org.springframework.beans.factory.support.AbstractAutowireCapableBeanFactory.initializeBean(AbstractAutowireCapableBeanFactory.java:1570)
	... 15 common frames omitted

2016-03-29 18:46:29.871  INFO 2608 --- [main] de.adesso.referencer.search.Application  : Starting Application on DE-ADN-5SLGTY1 with PID 2608 (D:\!Leon\Java\ForBericht\MyProjects\search\target\classes started by odzhara-ongom in D:\!Leon\Java\ForBericht\MyProjects\search)
2016-03-29 18:46:29.906  INFO 2608 --- [main] ationConfigEmbeddedWebApplicationContext : Refreshing org.springframework.boot.context.embedded.AnnotationConfigEmbeddedWebApplicationContext@3c87521: startup date [Tue Mar 29 18:46:29 CEST 2016]; root of context hierarchy
2016-03-29 18:46:30.579  INFO 2608 --- [main] o.s.b.f.s.DefaultListableBeanFactory     : Overriding bean definition for bean 'beanNameViewResolver': replacing [Root bean: class [null]; scope=; abstract=false; lazyInit=false; autowireMode=3; dependencyCheck=0; autowireCandidate=true; primary=false; factoryBeanName=org.springframework.boot.autoconfigure.web.ErrorMvcAutoConfiguration$WhitelabelErrorViewConfiguration; factoryMethodName=beanNameViewResolver; initMethodName=null; destroyMethodName=(inferred); defined in class path resource [org/springframework/boot/autoconfigure/web/ErrorMvcAutoConfiguration$WhitelabelErrorViewConfiguration.class]] with [Root bean: class [null]; scope=; abstract=false; lazyInit=false; autowireMode=3; dependencyCheck=0; autowireCandidate=true; primary=false; factoryBeanName=org.springframework.boot.autoconfigure.web.WebMvcAutoConfiguration$WebMvcAutoConfigurationAdapter; factoryMethodName=beanNameViewResolver; initMethodName=null; destroyMethodName=(inferred); defined in class path resource [org/springframework/boot/autoconfigure/web/WebMvcAutoConfiguration$WebMvcAutoConfigurationAdapter.class]]
2016-03-29 18:46:31.524  INFO 2608 --- [main] s.b.c.e.t.TomcatEmbeddedServletContainer : Tomcat initialized with port(s): 9097 (http)
2016-03-29 18:46:31.693  INFO 2608 --- [main] o.apache.catalina.core.StandardService   : Starting service Tomcat
2016-03-29 18:46:31.694  INFO 2608 --- [main] org.apache.catalina.core.StandardEngine  : Starting Servlet Engine: Apache Tomcat/8.0.26
2016-03-29 18:46:31.834  INFO 2608 --- [localhost-startStop-1] o.a.c.c.C.[Tomcat].[localhost].[/]       : Initializing Spring embedded WebApplicationContext
2016-03-29 18:46:31.834  INFO 2608 --- [localhost-startStop-1] o.s.web.context.ContextLoader            : Root WebApplicationContext: initialization completed in 1931 ms
2016-03-29 18:46:32.298  INFO 2608 --- [localhost-startStop-1] o.s.b.c.e.ServletRegistrationBean        : Mapping servlet: 'dispatcherServlet' to [/]
2016-03-29 18:46:32.302  INFO 2608 --- [localhost-startStop-1] o.s.b.c.embedded.FilterRegistrationBean  : Mapping filter: 'characterEncodingFilter' to: [/*]
2016-03-29 18:46:32.302  INFO 2608 --- [localhost-startStop-1] o.s.b.c.embedded.FilterRegistrationBean  : Mapping filter: 'hiddenHttpMethodFilter' to: [/*]
2016-03-29 18:46:32.675  INFO 2608 --- [main] org.elasticsearch.plugins                : [Kleinstocks] loaded [], sites []
2016-03-29 18:46:33.196  INFO 2608 --- [main] o.s.d.e.c.TransportClientFactoryBean     : adding transport node : localhost:9300
2016-03-29 18:46:34.335 ERROR 2608 --- [main] .d.e.r.s.AbstractElasticsearchRepository : failed to load elasticsearch nodes : org.elasticsearch.client.transport.NoNodeAvailableException: None of the configured nodes are available: []
2016-03-29 18:46:34.369 ERROR 2608 --- [main] .d.e.r.s.AbstractElasticsearchRepository : failed to load elasticsearch nodes : org.elasticsearch.client.transport.NoNodeAvailableException: None of the configured nodes are available: []
2016-03-29 18:46:34.380 ERROR 2608 --- [main] .d.e.r.s.AbstractElasticsearchRepository : failed to load elasticsearch nodes : org.elasticsearch.client.transport.NoNodeAvailableException: None of the configured nodes are available: []
2016-03-29 18:46:34.390 ERROR 2608 --- [main] .d.e.r.s.AbstractElasticsearchRepository : failed to load elasticsearch nodes : org.elasticsearch.client.transport.NoNodeAvailableException: None of the configured nodes are available: []
2016-03-29 18:46:34.400 ERROR 2608 --- [main] .d.e.r.s.AbstractElasticsearchRepository : failed to load elasticsearch nodes : org.elasticsearch.client.transport.NoNodeAvailableException: None of the configured nodes are available: []
2016-03-29 18:46:34.410 ERROR 2608 --- [main] .d.e.r.s.AbstractElasticsearchRepository : failed to load elasticsearch nodes : org.elasticsearch.client.transport.NoNodeAvailableException: None of the configured nodes are available: []
2016-03-29 18:46:34.419 ERROR 2608 --- [main] .d.e.r.s.AbstractElasticsearchRepository : failed to load elasticsearch nodes : org.elasticsearch.client.transport.NoNodeAvailableException: None of the configured nodes are available: []
2016-03-29 18:46:34.429 ERROR 2608 --- [main] .d.e.r.s.AbstractElasticsearchRepository : failed to load elasticsearch nodes : org.elasticsearch.client.transport.NoNodeAvailableException: None of the configured nodes are available: []
2016-03-29 18:46:34.438 ERROR 2608 --- [main] .d.e.r.s.AbstractElasticsearchRepository : failed to load elasticsearch nodes : org.elasticsearch.client.transport.NoNodeAvailableException: None of the configured nodes are available: []
2016-03-29 18:46:34.448 ERROR 2608 --- [main] .d.e.r.s.AbstractElasticsearchRepository : failed to load elasticsearch nodes : org.elasticsearch.client.transport.NoNodeAvailableException: None of the configured nodes are available: []
2016-03-29 18:46:34.459 ERROR 2608 --- [main] .d.e.r.s.AbstractElasticsearchRepository : failed to load elasticsearch nodes : org.elasticsearch.client.transport.NoNodeAvailableException: None of the configured nodes are available: []
2016-03-29 18:46:34.487 ERROR 2608 --- [main] .d.e.r.s.AbstractElasticsearchRepository : failed to load elasticsearch nodes : org.elasticsearch.client.transport.NoNodeAvailableException: None of the configured nodes are available: []
2016-03-29 18:46:34.974  INFO 2608 --- [main] s.w.s.m.m.a.RequestMappingHandlerAdapter : Looking for @ControllerAdvice: org.springframework.boot.context.embedded.AnnotationConfigEmbeddedWebApplicationContext@3c87521: startup date [Tue Mar 29 18:46:29 CEST 2016]; root of context hierarchy
2016-03-29 18:46:35.016  INFO 2608 --- [main] s.w.s.m.m.a.RequestMappingHandlerMapping : Mapped "{[/api/suggest],methods=[POST]}" onto public de.adesso.referencer.search.elastic.dictionary.rest.dto.SuggestionRestReply<de.adesso.referencer.search.elastic.dictionary.rest.dto.SuggestWordsRESTResponse> de.adesso.referencer.search.elastic.dictionary.rest.SuggestWordsRestController.suggestWords(de.adesso.referencer.search.elastic.dictionary.rest.dto.SuggestWordsRESTRequest)
2016-03-29 18:46:35.018  INFO 2608 --- [main] s.w.s.m.m.a.RequestMappingHandlerMapping : Mapped "{[/api/references],methods=[POST]}" onto public de.adesso.referencer.search.rest.dto.RestReply de.adesso.referencer.search.rest.controllers.CrudReferenceRESTController.createReference(de.adesso.referencer.search.rest.dto.SaveReferenceRestRequest)
2016-03-29 18:46:35.018  INFO 2608 --- [main] s.w.s.m.m.a.RequestMappingHandlerMapping : Mapped "{[/api/references/{id}],methods=[GET]}" onto public de.adesso.referencer.search.rest.dto.RestReply de.adesso.referencer.search.rest.controllers.CrudReferenceRESTController.getEntityById(java.lang.String)
2016-03-29 18:46:35.018  INFO 2608 --- [main] s.w.s.m.m.a.RequestMappingHandlerMapping : Mapped "{[/api/references/{id}/document],methods=[GET]}" onto org.springframework.http.ResponseEntity<org.springframework.core.io.ByteArrayResource> de.adesso.referencer.search.rest.controllers.CrudReferenceRESTController.downloadDocumentByRefId(java.lang.String)
2016-03-29 18:46:35.018  INFO 2608 --- [main] s.w.s.m.m.a.RequestMappingHandlerMapping : Mapped "{[/api/references/{id}/logo],methods=[GET]}" onto org.springframework.http.ResponseEntity<org.springframework.core.io.ByteArrayResource> de.adesso.referencer.search.rest.controllers.CrudReferenceRESTController.downloadLogoByRefId(java.lang.String)
2016-03-29 18:46:35.018  INFO 2608 --- [main] s.w.s.m.m.a.RequestMappingHandlerMapping : Mapped "{[/api/references/{id}/logo],methods=[POST]}" onto public de.adesso.referencer.search.rest.dto.RestReply<de.adesso.referencer.search.elastic.entities.BigDocument> de.adesso.referencer.search.rest.controllers.CrudReferenceRESTController.saveOrUpdateLogoDocument(java.lang.String,de.adesso.referencer.search.rest.dto.SaveBigDocumentRestRequest)
2016-03-29 18:46:35.019  INFO 2608 --- [main] s.w.s.m.m.a.RequestMappingHandlerMapping : Mapped "{[/api/references/{id}/document],methods=[POST]}" onto public de.adesso.referencer.search.rest.dto.RestReply<de.adesso.referencer.search.elastic.entities.BigDocument> de.adesso.referencer.search.rest.controllers.CrudReferenceRESTController.saveOrUpdateWordDocument(java.lang.String,de.adesso.referencer.search.rest.dto.SaveBigDocumentRestRequest)
2016-03-29 18:46:35.020  INFO 2608 --- [main] s.w.s.m.m.a.RequestMappingHandlerMapping : Mapped "{[/dev/api/references],methods=[POST]}" onto public de.adesso.referencer.search.rest.dto.RestReply de.adesso.referencer.search.rest.controllers.DevelopersRestController.createReference(de.adesso.referencer.search.elastic.entities.Reference)
2016-03-29 18:46:35.021  INFO 2608 --- [main] s.w.s.m.m.a.RequestMappingHandlerMapping : Mapped "{[/dev/api/dictionary/reference/{id}],methods=[GET]}" onto public de.adesso.referencer.search.elastic.dictionary.rest.dto.SuggestionRestReply<de.adesso.referencer.search.elastic.dictionary.rest.dto.IndexReferenceResponse> de.adesso.referencer.search.rest.controllers.DevelopersRestController.indexReferenceById(java.lang.String)
2016-03-29 18:46:35.021  INFO 2608 --- [main] s.w.s.m.m.a.RequestMappingHandlerMapping : Mapped "{[/dev/api/dictionary/reference],methods=[GET]}" onto public de.adesso.referencer.search.elastic.dictionary.rest.dto.SuggestionRestReply<java.lang.String> de.adesso.referencer.search.rest.controllers.DevelopersRestController.indexReferenceByCount(int)
2016-03-29 18:46:35.021  INFO 2608 --- [main] s.w.s.m.m.a.RequestMappingHandlerMapping : Mapped "{[/dev/api/references/_recreate_index],methods=[GET]}" onto public de.adesso.referencer.search.rest.dto.RestReply de.adesso.referencer.search.rest.controllers.DevelopersRestController.reCreateReferenceIndex()
2016-03-29 18:46:35.021  INFO 2608 --- [main] s.w.s.m.m.a.RequestMappingHandlerMapping : Mapped "{[/dev/api/dictionary/_recreate_index],methods=[GET]}" onto public de.adesso.referencer.search.rest.dto.RestReply de.adesso.referencer.search.rest.controllers.DevelopersRestController.reCreateDictionaryIndex()
2016-03-29 18:46:35.021  INFO 2608 --- [main] s.w.s.m.m.a.RequestMappingHandlerMapping : Mapped "{[/dev/api/references/{id}/demo_document],methods=[POST]}" onto public de.adesso.referencer.search.rest.dto.RestReply<de.adesso.referencer.search.elastic.entities.BigDocument> de.adesso.referencer.search.rest.controllers.DevelopersRestController.attachDemoDocument(java.lang.String)
2016-03-29 18:46:35.021  INFO 2608 --- [main] s.w.s.m.m.a.RequestMappingHandlerMapping : Mapped "{[/dev/api/references/{id}/demo_logo_png],methods=[POST]}" onto public de.adesso.referencer.search.rest.dto.RestReply<de.adesso.referencer.search.elastic.entities.BigDocument> de.adesso.referencer.search.rest.controllers.DevelopersRestController.attachDemoLogoPNG(java.lang.String)
2016-03-29 18:46:35.022  INFO 2608 --- [main] s.w.s.m.m.a.RequestMappingHandlerMapping : Mapped "{[/dev/api/references/{id}/demo_logo_jpg],methods=[POST]}" onto public de.adesso.referencer.search.rest.dto.RestReply<de.adesso.referencer.search.elastic.entities.BigDocument> de.adesso.referencer.search.rest.controllers.DevelopersRestController.attachDemoLogoJPG(java.lang.String)
2016-03-29 18:46:35.022  INFO 2608 --- [main] s.w.s.m.m.a.RequestMappingHandlerMapping : Mapped "{[/dev/api/dictionary/excludedwords],methods=[GET]}" onto public de.adesso.referencer.search.elastic.dictionary.rest.dto.SuggestionRestReply<de.adesso.referencer.search.elastic.dictionary.controllers.ExcludedWordsService> de.adesso.referencer.search.rest.controllers.DevelopersRestController.getExcludedWords()
2016-03-29 18:46:35.022  INFO 2608 --- [main] s.w.s.m.m.a.RequestMappingHandlerMapping : Mapped "{[/dev/api/references_and_tokens],methods=[POST]}" onto public de.adesso.referencer.search.rest.dto.RestReply de.adesso.referencer.search.rest.controllers.DevelopersRestController.createReferenceAndUpdateDictionary(de.adesso.referencer.search.elastic.entities.Reference)
2016-03-29 18:46:35.022  INFO 2608 --- [main] s.w.s.m.m.a.RequestMappingHandlerMapping : Mapped "{[/dev/api/references/{id}/document],methods=[GET]}" onto public de.adesso.referencer.search.rest.dto.RestReply<java.util.List<de.adesso.referencer.search.rest.dto.GetBigDocumentResponse>> de.adesso.referencer.search.rest.controllers.DevelopersRestController.getWordDocumentByReferenceID(java.lang.String)
2016-03-29 18:46:35.022  INFO 2608 --- [main] s.w.s.m.m.a.RequestMappingHandlerMapping : Mapped "{[/dev/api/references/{id}/logo],methods=[GET]}" onto public de.adesso.referencer.search.rest.dto.RestReply<java.util.List<de.adesso.referencer.search.rest.dto.GetBigDocumentResponse>> de.adesso.referencer.search.rest.controllers.DevelopersRestController.getLogoByReferenceID(java.lang.String)
2016-03-29 18:46:35.023  INFO 2608 --- [main] s.w.s.m.m.a.RequestMappingHandlerMapping : Mapped "{[/api/search],methods=[POST]}" onto public de.adesso.referencer.search.rest.dto.RestReply<de.adesso.referencer.search.rest.dto.FacetedSearchReferenceRESTResponse> de.adesso.referencer.search.rest.controllers.SearchReferencesRestController.searchReferencesWithfacets(de.adesso.referencer.search.rest.dto.FacetedSearchReferenceRESTRequest)
2016-03-29 18:46:35.024  INFO 2608 --- [main] s.w.s.m.m.a.RequestMappingHandlerMapping : Mapped "{[/error]}" onto public org.springframework.http.ResponseEntity<java.util.Map<java.lang.String, java.lang.Object>> org.springframework.boot.autoconfigure.web.BasicErrorController.error(javax.servlet.http.HttpServletRequest)
2016-03-29 18:46:35.024  INFO 2608 --- [main] s.w.s.m.m.a.RequestMappingHandlerMapping : Mapped "{[/error],produces=[text/html]}" onto public org.springframework.web.servlet.ModelAndView org.springframework.boot.autoconfigure.web.BasicErrorController.errorHtml(javax.servlet.http.HttpServletRequest)
2016-03-29 18:46:35.027  INFO 2608 --- [main] o.s.w.s.c.a.WebMvcConfigurerAdapter      : Adding welcome page: file:/D:/!Leon/Java/ForBericht/MyProjects/search/target/classes/static/index.html
2016-03-29 18:46:35.035  INFO 2608 --- [main] o.s.w.s.handler.SimpleUrlHandlerMapping  : Root mapping to handler of type [class org.springframework.web.servlet.mvc.ParameterizableViewController]
2016-03-29 18:46:35.044  INFO 2608 --- [main] o.s.w.s.handler.SimpleUrlHandlerMapping  : Mapped URL path [/webjars/**] onto handler of type [class org.springframework.web.servlet.resource.ResourceHttpRequestHandler]
2016-03-29 18:46:35.044  INFO 2608 --- [main] o.s.w.s.handler.SimpleUrlHandlerMapping  : Mapped URL path [/**] onto handler of type [class org.springframework.web.servlet.resource.ResourceHttpRequestHandler]
2016-03-29 18:46:35.072  INFO 2608 --- [main] o.s.w.s.handler.SimpleUrlHandlerMapping  : Mapped URL path [/**/favicon.ico] onto handler of type [class org.springframework.web.servlet.resource.ResourceHttpRequestHandler]
2016-03-29 18:46:35.160  INFO 2608 --- [main] o.s.j.e.a.AnnotationMBeanExporter        : Registering beans for JMX exposure on startup
2016-03-29 18:46:35.204  INFO 2608 --- [main] s.b.c.e.t.TomcatEmbeddedServletContainer : Tomcat started on port(s): 9097 (http)
2016-03-29 18:46:35.206  INFO 2608 --- [main] de.adesso.referencer.search.Application  : Started Application in 5.627 seconds (JVM running for 5.966)
2016-03-29 18:47:04.199  INFO 2608 --- [http-nio-9097-exec-1] o.a.c.c.C.[Tomcat].[localhost].[/]       : Initializing Spring FrameworkServlet 'dispatcherServlet'
2016-03-29 18:47:04.200  INFO 2608 --- [http-nio-9097-exec-1] o.s.web.servlet.DispatcherServlet        : FrameworkServlet 'dispatcherServlet': initialization started
2016-03-29 18:47:04.217  INFO 2608 --- [http-nio-9097-exec-1] o.s.web.servlet.DispatcherServlet        : FrameworkServlet 'dispatcherServlet': initialization completed in 17 ms
